INFO: [VRFC 10-163] Analyzing VHDL file "/home/dfec/ece485/ece485_final_cadet_stage1/alu.vhdl" into library xil_defaultlib
INFO: [VRFC 10-3107] analyzing entity 'alu'
INFO: [VRFC 10-163] Analyzing VHDL file "/home/dfec/ece485/ece485_final_cadet_stage1/alu_control.vhdl" into library xil_defaultlib
INFO: [VRFC 10-3107] analyzing entity 'alu_control'
INFO: [VRFC 10-163] Analyzing VHDL file "/home/dfec/ece485/ece485_final_cadet_stage1/control_unit.vhdl" into library xil_defaultlib
INFO: [VRFC 10-3107] analyzing entity 'control_unit'
INFO: [VRFC 10-163] Analyzing VHDL file "/home/dfec/ece485/ece485_final_cadet_stage1/data_mem.vhdl" into library xil_defaultlib
INFO: [VRFC 10-3107] analyzing entity 'data_mem'
INFO: [VRFC 10-163] Analyzing VHDL file "/home/dfec/ece485/ece485_final_cadet_stage1/immediate_generator.vhdl" into library xil_defaultlib
INFO: [VRFC 10-3107] analyzing entity 'immediate_generator'
INFO: [VRFC 10-163] Analyzing VHDL file "/home/dfec/ece485/ece485_final_cadet_stage1/instr_mem.vhdl" into library xil_defaultlib
INFO: [VRFC 10-3107] analyzing entity 'instr_mem'
INFO: [VRFC 10-163] Analyzing VHDL file "/home/dfec/ece485/ece485_final_cadet_stage1/pc.vhdl" into library xil_defaultlib
INFO: [VRFC 10-3107] analyzing entity 'pc_live'
INFO: [VRFC 10-163] Analyzing VHDL file "/home/dfec/ece485/ece485_final_cadet_stage1/reg_file.vhdl" into library xil_defaultlib
INFO: [VRFC 10-3107] analyzing entity 'reg_file'
INFO: [VRFC 10-163] Analyzing VHDL file "/home/dfec/ece485/ece485_final_cadet_stage1/riscv_multicycle.vhdl" into library xil_defaultlib
INFO: [VRFC 10-3107] analyzing entity 'riscv_multicycle'
INFO: [VRFC 10-163] Analyzing VHDL file "/home/dfec/ece485/ece485_final_cadet_stage1/tb_riscv_multicycle.vhdl" into library xil_defaultlib
INFO: [VRFC 10-3107] analyzing entity 'tb_riscv_multicycle'
